[debug] PhaseRunner.scala:92 Ignored [id => webdriverio, phase => typescript] 
[debug] PhaseRunner.scala:84 Success [id => webdriverio, phase => typescript] 
[info ] Phase1ReadTypescript.scala:171 Preprocessing TsHelperFile(InFile(/home/tso/tmp/tso-cache/npm/node_modules/webdriverio/webdriverio.d.ts),FromFolder(InFolder(/home/tso/tmp/tso-cache/npm/node_modules/webdriverio),TsIdentLibrarySimple(webdriverio)),TsIdentModule(None,List(webdriverio))) [id => webdriverio, phase => typescript] 
[warn ] Phase1ReadTypescript.scala:189 Processing TsIdentLibrarySimple(webdriverio) [id => webdriverio, phase => typescript] 
[warn ] QualifyReferences.scala:32 Couldn't qualify WebdriverIO.Element [id => webdriverio, phase => typescript, scope => TreeScope(TsParsedFile() / TsDeclTypeAlias(ElementPromise) / TsTypeRef() / TsTypeRef())] 
[warn ] QualifyReferences.scala:32 Couldn't qualify WebdriverIO.Element [id => webdriverio, phase => typescript, scope => TreeScope(TsParsedFile() / TsDeclTypeAlias(ElementStatic) / TsTypeRef() / TsTypeRef())] 
[warn ] QualifyReferences.scala:32 Couldn't qualify WebdriverIO.Browser [id => webdriverio, phase => typescript, scope => TreeScope(TsParsedFile() / TsDeclTypeAlias(BrowserPromise) / TsTypeRef() / TsTypeRef())] 
[warn ] QualifyReferences.scala:32 Couldn't qualify WebdriverIO.Browser [id => webdriverio, phase => typescript, scope => TreeScope(TsParsedFile() / TsDeclTypeAlias(BrowserStatic) / TsTypeRef() / TsTypeRef())] 
[warn ] QualifyReferences.scala:32 Couldn't qualify WebdriverIO.RemoteOptions [id => webdriverio, phase => typescript, scope => TreeScope(TsParsedFile() / TsDeclNamespace(WebdriverIOAsync) / TsDeclFunction(remote) / TsFunSig() / TsFunParam() / TsTypeRef())] 
[warn ] QualifyReferences.scala:32 Couldn't qualify WebdriverIO.MultiRemoteOptions [id => webdriverio, phase => typescript, scope => TreeScope(TsParsedFile() / TsDeclNamespace(WebdriverIOAsync) / TsDeclFunction(multiremote) / TsFunSig() / TsFunParam() / TsTypeRef())] 
[info ] UnionTypesFromKeyOf.scala:23 Could not expand keyof TsQIdent(List(TsIdentLibrarySimple(webdriverio), TsIdentSimple(ElementPromise))): Some(TsDeclTypeAlias(Comments(1),false,TsIdentSimple(ElementPromise),List(),TsTypeRef(NoComments,TsQIdent(List(TsIdentLibrarySimple(std), TsIdentSimple(Omit))),List(TsTypeRef(Comments(1),TsQIdent(List(TsIdentSimple(any))),List()), TsTypeUnion(List(TsTypeLiteral(TsLiteralString(addCommand)), TsTypeLiteral(TsLiteralString($)), TsTypeLiteral(TsLiteralString($$)))))),HasPath(TsIdentLibrarySimple(webdriverio),TsQIdent(List(TsIdentSimple(ElementPromise)))))) [id => webdriverio, phase => typescript, scope => TreeScope(TsParsedFile() / TsDeclTypeAlias(ElementAsync) / TsTypeIntersect() / TsTypeObject() / TsMemberTypeMapped() / TsTypeKeyOf())] 
[info ] UnionTypesFromKeyOf.scala:23 Could not expand keyof TsQIdent(List(TsIdentLibrarySimple(webdriverio), TsIdentSimple(BrowserPromise))): Some(TsDeclTypeAlias(Comments(1),false,TsIdentSimple(BrowserPromise),List(),TsTypeRef(NoComments,TsQIdent(List(TsIdentLibrarySimple(std), TsIdentSimple(Omit))),List(TsTypeRef(Comments(1),TsQIdent(List(TsIdentSimple(any))),List()), TsTypeUnion(List(TsTypeLiteral(TsLiteralString(addCommand)), TsTypeLiteral(TsLiteralString(overwriteCommand)), TsTypeLiteral(TsLiteralString(options)), TsTypeLiteral(TsLiteralString($)), TsTypeLiteral(TsLiteralString($$)))))),HasPath(TsIdentLibrarySimple(webdriverio),TsQIdent(List(TsIdentSimple(BrowserPromise)))))) [id => webdriverio, phase => typescript, scope => TreeScope(TsParsedFile() / TsDeclTypeAlias(BrowserAsync) / TsTypeIntersect() / TsTypeObject() / TsMemberTypeMapped() / TsTypeKeyOf())] 
[info ] ExpandCallables.scala:48 Expanded $ into 1 methods [id => webdriverio, phase => typescript, scope => TreeScope(TsParsedFile() / TsDeclInterface(AsyncSelectors))] 
[info ] ExpandCallables.scala:48 Expanded $$ into 1 methods [id => webdriverio, phase => typescript, scope => TreeScope(TsParsedFile() / TsDeclInterface(AsyncSelectors))] 
[debug] PhaseRunner.scala:84 Success [id => webdriverio, phase => typescript] 
[warn ] Phase2ToScalaJs.scala:42 Processing webdriverio [id => webdriverio, phase => scala.js] 
[debug] PhaseRunner.scala:84 Success [id => webdriverio, phase => scala.js] 
[warn ] Phase3CompileBloop.scala:245 Built webdriverio in 571 ms [id => webdriverio, phase => build] 
[info ] Phase3CompileBloop.scala:253 published local, [/home/tso/.ivy2/local/org.scalablytyped/webdriverio_sjs0.6_2.12/5.10.0-7f8b9e/jars/webdriverio_sjs0.6_2.12.jar, /home/tso/.ivy2/local/org.scalablytyped/webdriverio_sjs0.6_2.12/5.10.0-7f8b9e/srcs/webdriverio_sjs0.6_2.12-sources.jar, /home/tso/.ivy2/local/org.scalablytyped/webdriverio_sjs0.6_2.12/5.10.0-7f8b9e/ivys/ivy.xml, /home/tso/.ivy2/local/org.scalablytyped/webdriverio_sjs0.6_2.12/5.10.0-7f8b9e/poms/webdriverio_sjs0.6_2.12.pom] [id => webdriverio, phase => build] 
[debug] PhaseRunner.scala:84 Success [id => webdriverio, phase => build] 
[warn ] PhaseRunner.scala:70 Failed because of, [webdriver => java.util.concurrent.ExecutionException: dispatch.StatusCode: Unexpected response status: 405] [id => webdriverio, phase => publish] 
[error] PhaseRunner.scala:88 Failure, [webdriver => java.util.concurrent.ExecutionException: dispatch.StatusCode: Unexpected response status: 405] [id => webdriverio, phase => publish] 
